Build started 28-4-2014 12:03:51.
     1>Project "E:\upp\CrySearch\CrySearchLibrary\CrySearchLibrary\CrySearchLibrary.vcxproj" on node 2 (Build target(s)).
     1>InitializeBuildStatus:
         Creating "x64\Debug\CrySearchLibrary.unsuccessfulbuild" because "AlwaysCreate" was specified.
       ClCompile:
         e:\Program Files (x86)\Microsoft Visual Studio 10.0\VC\bin\x86_amd64\CL.exe /c /Zi /nologo /W3 /WX- /Od /D WIN32 /D _DEBUG /D _WINDOWS /D _USRDLL /D CRYSEARCHLIBRARY_EXPORTS /D _WINDLL /D _UNICODE /D UNICODE /Gm /MTd /GS- /fp:precise /Zc:wchar_t /Zc:forScope /Fo"x64\Debug\\" /Fd"x64\Debug\vc100.pdb" /Gd /TC /errorReport:prompt UtilFunctions.c
         UtilFunctions.c
       ManifestResourceCompile:
         All outputs are up-to-date.
       Link:
         e:\Program Files (x86)\Microsoft Visual Studio 10.0\VC\bin\x86_amd64\link.exe /ERRORREPORT:PROMPT /OUT:"E:\upp\CrySearch\CrySearchLibrary\Bin\x64\CrySearch64.dll" /INCREMENTAL /NOLOGO kernel32.lib user32.lib gdi32.lib winspool.lib comdlg32.lib advapi32.lib shell32.lib ole32.lib oleaut32.lib uuid.lib odbc32.lib odbccp32.lib /NODEFAULTLIB:libcmtd.lib /DEF:"Exports.def" /MANIFEST /ManifestFile:"x64\Debug\CrySearch64.dll.intermediate.manifest" /MANIFESTUAC:"level='asInvoker' uiAccess='false'" /DEBUG /PDB:"E:\upp\CrySearch\CrySearchLibrary\Bin\x64\CrySearch64.pdb" /SUBSYSTEM:WINDOWS /TLBID:1 /NOENTRY /DYNAMICBASE /NXCOMPAT /IMPLIB:"E:\upp\CrySearch\CrySearchLibrary\Bin\x64\CrySearch64.lib" /MACHINE:X64 /DLL x64\Debug\CrySearch64.dll.embed.manifest.res
         x64\Debug\UtilFunctions.obj
            Creating library E:\upp\CrySearch\CrySearchLibrary\Bin\x64\CrySearch64.lib and object E:\upp\CrySearch\CrySearchLibrary\Bin\x64\CrySearch64.exp
         CrySearchLibrary.vcxproj -> E:\upp\CrySearch\CrySearchLibrary\Bin\x64\CrySearch64.dll
       Manifest:
         C:\Program Files (x86)\Microsoft SDKs\Windows\v7.0A\bin\mt.exe /nologo /verbose /out:"x64\Debug\CrySearch64.dll.embed.manifest" /manifest x64\Debug\CrySearch64.dll.intermediate.manifest
         All outputs are up-to-date.
       LinkEmbedManifest:
         All outputs are up-to-date.
         CrySearchLibrary.vcxproj -> E:\upp\CrySearch\CrySearchLibrary\Bin\x64\CrySearch64.dll
       FinalizeBuildStatus:
         Deleting file "x64\Debug\CrySearchLibrary.unsuccessfulbuild".
         Touching "x64\Debug\CrySearchLibrary.lastbuildstate".
     1>Done Building Project "E:\upp\CrySearch\CrySearchLibrary\CrySearchLibrary\CrySearchLibrary.vcxproj" (Build target(s)).

Build succeeded.

Time Elapsed 00:00:00.43
