Build started 28-4-2014 12:35:49.
     1>Project "E:\upp\CrySearch\CrySearchLibrary\CrySearchLibrary\CrySearchLibrary.vcxproj" on node 2 (Build target(s)).
     1>InitializeBuildStatus:
         Creating "Debug\CrySearchLibrary.unsuccessfulbuild" because "AlwaysCreate" was specified.
       ClCompile:
         e:\Program Files (x86)\Microsoft Visual Studio 10.0\VC\bin\CL.exe /c /ZI /nologo /W3 /WX- /Od /Oy- /D WIN32 /D _DEBUG /D _WINDOWS /D _USRDLL /D CRYSEARCHLIBRARY_EXPORTS /D _WINDLL /D _UNICODE /D UNICODE /Gm /MTd /GS- /fp:precise /Zc:wchar_t /Zc:forScope /Fo"Debug\\" /Fd"Debug\vc100.pdb" /Gd /TC /analyze- /errorReport:prompt CrySearchMain.c UtilFunctions.c
         UtilFunctions.c
         CrySearchMain.c
         Generating Code...
       ManifestResourceCompile:
         All outputs are up-to-date.
       Link:
         e:\Program Files (x86)\Microsoft Visual Studio 10.0\VC\bin\link.exe /ERRORREPORT:PROMPT /OUT:"E:\upp\CrySearch\CrySearchLibrary\Bin\x86\CrySearch32.dll" /INCREMENTAL /NOLOGO kernel32.lib user32.lib gdi32.lib winspool.lib comdlg32.lib advapi32.lib shell32.lib ole32.lib oleaut32.lib uuid.lib odbc32.lib odbccp32.lib /NODEFAULTLIB:libcmtd.lib /DEF:"Exports.def" /MANIFEST /ManifestFile:"Debug\CrySearch32.dll.intermediate.manifest" /MANIFESTUAC:"level='asInvoker' uiAccess='false'" /DEBUG /PDB:"E:\upp\CrySearch\CrySearchLibrary\Bin\x86\CrySearch32.pdb" /SUBSYSTEM:WINDOWS /TLBID:1 /NOENTRY /DYNAMICBASE /NXCOMPAT /IMPLIB:"E:\upp\CrySearch\CrySearchLibrary\Bin\x86\CrySearch32.lib" /MACHINE:X86 /DLL Debug\CrySearch32.dll.embed.manifest.res
         Debug\CrtFunctions.obj
         Debug\CrySearchMain.obj
         Debug\UtilFunctions.obj
            Creating library E:\upp\CrySearch\CrySearchLibrary\Bin\x86\CrySearch32.lib and object E:\upp\CrySearch\CrySearchLibrary\Bin\x86\CrySearch32.exp
       Manifest:
         C:\Program Files (x86)\Microsoft SDKs\Windows\v7.0A\bin\mt.exe /nologo /verbose /out:"Debug\CrySearch32.dll.embed.manifest" /manifest Debug\CrySearch32.dll.intermediate.manifest
         All outputs are up-to-date.
       LinkEmbedManifest:
         All outputs are up-to-date.
         CrySearchLibrary.vcxproj -> E:\upp\CrySearch\CrySearchLibrary\Bin\x86\CrySearch32.dll
       FinalizeBuildStatus:
         Deleting file "Debug\CrySearchLibrary.unsuccessfulbuild".
         Touching "Debug\CrySearchLibrary.lastbuildstate".
     1>Done Building Project "E:\upp\CrySearch\CrySearchLibrary\CrySearchLibrary\CrySearchLibrary.vcxproj" (Build target(s)).

Build succeeded.

Time Elapsed 00:00:00.67
